
*** Running vivado
    with args -log priority_encoder.vdi -applog -m64 -product Vivado -messageDb vivado.pb -mode batch -source priority_encoder.tcl -notrace


****** Vivado v2018.3 (64-bit)
  **** SW Build 2405991 on Thu Dec  6 23:36:41 MST 2018
  **** IP Build 2404404 on Fri Dec  7 01:43:56 MST 2018
    ** Copyright 1986-2018 Xilinx, Inc. All Rights Reserved.

source priority_encoder.tcl -notrace
Command: link_design -top priority_encoder -part xc7z010clg400-1
Design is defaulting to srcset: sources_1
Design is defaulting to constrset: constrs_1
INFO: [Project 1-479] Netlist was created with Vivado 2018.3
INFO: [Device 21-403] Loading part xc7z010clg400-1
INFO: [Project 1-570] Preparing netlist for logic optimization
Parsing XDC File [/home/ugrads/a/abhi.bhattacharyya/ecen248/lab6/priority_encoder.xdc]
Finished Parsing XDC File [/home/ugrads/a/abhi.bhattacharyya/ecen248/lab6/priority_encoder.xdc]
INFO: [Opt 31-138] Pushed 0 inverter(s) to 0 load pin(s).
Netlist sorting complete. Time (s): cpu = 00:00:00 ; elapsed = 00:00:00 . Memory (MB): peak = 1730.328 ; gain = 0.000 ; free physical = 981 ; free virtual = 17488
INFO: [Project 1-111] Unisim Transformation Summary:
No Unisim elements were transformed.

5 Infos, 0 Warnings, 0 Critical Warnings and 0 Errors encountered.
link_design completed successfully
link_design: Time (s): cpu = 00:00:03 ; elapsed = 00:00:06 . Memory (MB): peak = 1734.324 ; gain = 267.688 ; free physical = 981 ; free virtual = 17487
Command: opt_design
Attempting to get a license for feature 'Implementation' and/or device 'xc7z010'
INFO: [Common 17-349] Got license for feature 'Implementation' and/or device 'xc7z010'
Running DRC as a precondition to command opt_design

Starting DRC Task
INFO: [DRC 23-27] Running DRC with 8 threads
INFO: [Project 1-461] DRC finished with 0 Errors
INFO: [Project 1-462] Please refer to the DRC report (report_drc) for more information.

Time (s): cpu = 00:00:00.12 ; elapsed = 00:00:00.41 . Memory (MB): peak = 1798.355 ; gain = 64.031 ; free physical = 1019 ; free virtual = 17525

Starting Cache Timing Information Task
INFO: [Timing 38-35] Done setting XDC timing constraints.
Ending Cache Timing Information Task | Checksum: 52d74abe

Time (s): cpu = 00:00:05 ; elapsed = 00:00:05 . Memory (MB): peak = 2199.918 ; gain = 401.562 ; free physical = 601 ; free virtual = 17111

Starting Logic Optimization Task

Phase 1 Retarget
INFO: [Opt 31-138] Pushed 0 inverter(s) to 0 load pin(s).
INFO: [Opt 31-49] Retargeted 0 cell(s).
Phase 1 Retarget | Checksum: 52d74abe

Time (s): cpu = 00:00:00.01 ; elapsed = 00:00:00.02 . Memory (MB): peak = 2278.918 ; gain = 0.004 ; free physical = 576 ; free virtual = 17086
INFO: [Opt 31-389] Phase Retarget created 0 cells and removed 0 cells

Phase 2 Constant propagation
INFO: [Opt 31-138] Pushed 0 inverter(s) to 0 load pin(s).
Phase 2 Constant propagation | Checksum: 52d74abe

Time (s): cpu = 00:00:00.01 ; elapsed = 00:00:00.02 . Memory (MB): peak = 2278.918 ; gain = 0.004 ; free physical = 576 ; free virtual = 17086
INFO: [Opt 31-389] Phase Constant propagation created 0 cells and removed 0 cells

Phase 3 Sweep
Phase 3 Sweep | Checksum: 52d74abe

Time (s): cpu = 00:00:00.01 ; elapsed = 00:00:00.03 . Memory (MB): peak = 2278.918 ; gain = 0.004 ; free physical = 576 ; free virtual = 17086
INFO: [Opt 31-389] Phase Sweep created 0 cells and removed 0 cells

Phase 4 BUFG optimization
Phase 4 BUFG optimization | Checksum: 52d74abe

Time (s): cpu = 00:00:00.01 ; elapsed = 00:00:00.03 . Memory (MB): peak = 2278.918 ; gain = 0.004 ; free physical = 576 ; free virtual = 17086
INFO: [Opt 31-662] Phase BUFG optimization created 0 cells of which 0 are BUFGs and removed 0 cells.

Phase 5 Shift Register Optimization
Phase 5 Shift Register Optimization | Checksum: 52d74abe

Time (s): cpu = 00:00:00.01 ; elapsed = 00:00:00.03 . Memory (MB): peak = 2278.918 ; gain = 0.004 ; free physical = 576 ; free virtual = 17086
INFO: [Opt 31-389] Phase Shift Register Optimization created 0 cells and removed 0 cells

Phase 6 Post Processing Netlist
Phase 6 Post Processing Netlist | Checksum: 52d74abe

Time (s): cpu = 00:00:00.01 ; elapsed = 00:00:00.03 . Memory (MB): peak = 2278.918 ; gain = 0.004 ; free physical = 576 ; free virtual = 17086
INFO: [Opt 31-389] Phase Post Processing Netlist created 0 cells and removed 0 cells
Opt_design Change Summary
=========================


-------------------------------------------------------------------------------------------------------------------------
|  Phase                        |  #Cells created  |  #Cells Removed  |  #Constrained objects preventing optimizations  |
-------------------------------------------------------------------------------------------------------------------------
|  Retarget                     |               0  |               0  |                                              0  |
|  Constant propagation         |               0  |               0  |                                              0  |
|  Sweep                        |               0  |               0  |                                              0  |
|  BUFG optimization            |               0  |               0  |                                              0  |
|  Shift Register Optimization  |               0  |               0  |                                              0  |
|  Post Processing Netlist      |               0  |               0  |                                              0  |
-------------------------------------------------------------------------------------------------------------------------



Starting Connectivity Check Task

Time (s): cpu = 00:00:00 ; elapsed = 00:00:00 . Memory (MB): peak = 2278.918 ; gain = 0.000 ; free physical = 576 ; free virtual = 17086
Ending Logic Optimization Task | Checksum: 52d74abe

Time (s): cpu = 00:00:00.01 ; elapsed = 00:00:00.04 . Memory (MB): peak = 2278.918 ; gain = 0.004 ; free physical = 576 ; free virtual = 17086

Starting Power Optimization Task
INFO: [Pwropt 34-132] Skipping clock gating for clocks with a period < 2.00 ns.
Ending Power Optimization Task | Checksum: 52d74abe

Time (s): cpu = 00:00:00.01 ; elapsed = 00:00:00.04 . Memory (MB): peak = 2278.918 ; gain = 0.000 ; free physical = 576 ; free virtual = 17086

Starting Final Cleanup Task
Ending Final Cleanup Task | Checksum: 52d74abe

Time (s): cpu = 00:00:00 ; elapsed = 00:00:00 . Memory (MB): peak = 2278.918 ; gain = 0.000 ; free physical = 576 ; free virtual = 17086

Starting Netlist Obfuscation Task
Netlist sorting complete. Time (s): cpu = 00:00:00 ; elapsed = 00:00:00 . Memory (MB): peak = 2278.918 ; gain = 0.000 ; free physical = 576 ; free virtual = 17086
Ending Netlist Obfuscation Task | Checksum: 52d74abe

Time (s): cpu = 00:00:00 ; elapsed = 00:00:00 . Memory (MB): peak = 2278.918 ; gain = 0.000 ; free physical = 576 ; free virtual = 17086
INFO: [Common 17-83] Releasing license: Implementation
21 Infos, 0 Warnings, 0 Critical Warnings and 0 Errors encountered.
opt_design completed successfully
opt_design: Time (s): cpu = 00:00:06 ; elapsed = 00:00:07 . Memory (MB): peak = 2278.918 ; gain = 544.594 ; free physical = 576 ; free virtual = 17086
Netlist sorting complete. Time (s): cpu = 00:00:00 ; elapsed = 00:00:00 . Memory (MB): peak = 2278.918 ; gain = 0.000 ; free physical = 576 ; free virtual = 17086
INFO: [Timing 38-480] Writing timing data to binary archive.
Writing placer database...
Writing XDEF routing.
Writing XDEF routing logical nets.
Writing XDEF routing special nets.
Write XDEF Complete: Time (s): cpu = 00:00:00.04 ; elapsed = 00:00:00.07 . Memory (MB): peak = 2310.934 ; gain = 0.004 ; free physical = 577 ; free virtual = 17088
Netlist sorting complete. Time (s): cpu = 00:00:00 ; elapsed = 00:00:00 . Memory (MB): peak = 2310.934 ; gain = 0.000 ; free physical = 575 ; free virtual = 17086
INFO: [Common 17-1381] The checkpoint '/home/ugrads/a/abhi.bhattacharyya/ecen248/lab6/lab6.runs/impl_1/priority_encoder_opt.dcp' has been generated.
INFO: [runtcl-4] Executing : report_drc -file priority_encoder_drc_opted.rpt -pb priority_encoder_drc_opted.pb -rpx priority_encoder_drc_opted.rpx
Command: report_drc -file priority_encoder_drc_opted.rpt -pb priority_encoder_drc_opted.pb -rpx priority_encoder_drc_opted.rpx
INFO: [IP_Flow 19-234] Refreshing IP repositories
INFO: [IP_Flow 19-1704] No user IP repositories specified
INFO: [IP_Flow 19-2313] Loaded Vivado IP repository '/opt/coe/Xilinx/Vivado/2018.3/data/ip'.
INFO: [DRC 23-27] Running DRC with 8 threads
INFO: [Coretcl 2-168] The results of DRC are in file /home/ugrads/a/abhi.bhattacharyya/ecen248/lab6/lab6.runs/impl_1/priority_encoder_drc_opted.rpt.
report_drc completed successfully
Command: place_design
Attempting to get a license for feature 'Implementation' and/or device 'xc7z010'
INFO: [Common 17-349] Got license for feature 'Implementation' and/or device 'xc7z010'
INFO: [DRC 23-27] Running DRC with 8 threads
INFO: [Vivado_Tcl 4-198] DRC finished with 0 Errors
INFO: [Vivado_Tcl 4-199] Please refer to the DRC report (report_drc) for more information.
Running DRC as a precondition to command place_design
INFO: [DRC 23-27] Running DRC with 8 threads
INFO: [Vivado_Tcl 4-198] DRC finished with 0 Errors
INFO: [Vivado_Tcl 4-199] Please refer to the DRC report (report_drc) for more information.

Starting Placer Task
INFO: [Place 30-611] Multithreading enabled for place_design using a maximum of 8 CPUs

Phase 1 Placer Initialization

Phase 1.1 Placer Initialization Netlist Sorting
Netlist sorting complete. Time (s): cpu = 00:00:00 ; elapsed = 00:00:00 . Memory (MB): peak = 2379.965 ; gain = 0.000 ; free physical = 538 ; free virtual = 17048
Phase 1.1 Placer Initialization Netlist Sorting | Checksum: 18e1fde6

Time (s): cpu = 00:00:00.01 ; elapsed = 00:00:00.02 . Memory (MB): peak = 2379.965 ; gain = 0.000 ; free physical = 538 ; free virtual = 17048
Netlist sorting complete. Time (s): cpu = 00:00:00 ; elapsed = 00:00:00 . Memory (MB): peak = 2379.965 ; gain = 0.000 ; free physical = 538 ; free virtual = 17048

Phase 1.2 IO Placement/ Clock Placement/ Build Placer Device
INFO: [Timing 38-35] Done setting XDC timing constraints.
Phase 1.2 IO Placement/ Clock Placement/ Build Placer Device | Checksum: 18e1fde6

Time (s): cpu = 00:00:00.29 ; elapsed = 00:00:00.17 . Memory (MB): peak = 2379.965 ; gain = 0.000 ; free physical = 530 ; free virtual = 17040

Phase 1.3 Build Placer Netlist Model
Phase 1.3 Build Placer Netlist Model | Checksum: 85a9c2de

Time (s): cpu = 00:00:00.34 ; elapsed = 00:00:00.18 . Memory (MB): peak = 2379.965 ; gain = 0.000 ; free physical = 530 ; free virtual = 17040

Phase 1.4 Constrain Clocks/Macros
Phase 1.4 Constrain Clocks/Macros | Checksum: 85a9c2de

Time (s): cpu = 00:00:00.35 ; elapsed = 00:00:00.19 . Memory (MB): peak = 2379.965 ; gain = 0.000 ; free physical = 530 ; free virtual = 17040
Phase 1 Placer Initialization | Checksum: 85a9c2de

Time (s): cpu = 00:00:00.35 ; elapsed = 00:00:00.19 . Memory (MB): peak = 2379.965 ; gain = 0.000 ; free physical = 530 ; free virtual = 17040

Phase 2 Global Placement

Phase 2.1 Floorplanning
Phase 2.1 Floorplanning | Checksum: 85a9c2de

Time (s): cpu = 00:00:00.36 ; elapsed = 00:00:00.19 . Memory (MB): peak = 2379.965 ; gain = 0.000 ; free physical = 530 ; free virtual = 17039
WARNING: [Place 46-29] place_design is not in timing mode. Skip physical synthesis in placer
Phase 2 Global Placement | Checksum: addd918d

Time (s): cpu = 00:00:02 ; elapsed = 00:00:00.37 . Memory (MB): peak = 2379.965 ; gain = 0.000 ; free physical = 525 ; free virtual = 17035

Phase 3 Detail Placement

Phase 3.1 Commit Multi Column Macros
Phase 3.1 Commit Multi Column Macros | Checksum: addd918d

Time (s): cpu = 00:00:02 ; elapsed = 00:00:00.37 . Memory (MB): peak = 2379.965 ; gain = 0.000 ; free physical = 525 ; free virtual = 17035

Phase 3.2 Commit Most Macros & LUTRAMs
Phase 3.2 Commit Most Macros & LUTRAMs | Checksum: 321a78cd

Time (s): cpu = 00:00:02 ; elapsed = 00:00:00.38 . Memory (MB): peak = 2379.965 ; gain = 0.000 ; free physical = 525 ; free virtual = 17035

Phase 3.3 Area Swap Optimization
Phase 3.3 Area Swap Optimization | Checksum: 316b353f

Time (s): cpu = 00:00:02 ; elapsed = 00:00:00.38 . Memory (MB): peak = 2379.965 ; gain = 0.000 ; free physical = 525 ; free virtual = 17035

Phase 3.4 Pipeline Register Optimization
Phase 3.4 Pipeline Register Optimization | Checksum: 316b353f

Time (s): cpu = 00:00:02 ; elapsed = 00:00:00.38 . Memory (MB): peak = 2379.965 ; gain = 0.000 ; free physical = 525 ; free virtual = 17035

Phase 3.5 Small Shape Detail Placement
Phase 3.5 Small Shape Detail Placement | Checksum: 1febf279c

Time (s): cpu = 00:00:02 ; elapsed = 00:00:00.42 . Memory (MB): peak = 2379.965 ; gain = 0.000 ; free physical = 522 ; free virtual = 17032

Phase 3.6 Re-assign LUT pins
Phase 3.6 Re-assign LUT pins | Checksum: 1febf279c

Time (s): cpu = 00:00:02 ; elapsed = 00:00:00.43 . Memory (MB): peak = 2379.965 ; gain = 0.000 ; free physical = 522 ; free virtual = 17032

Phase 3.7 Pipeline Register Optimization
Phase 3.7 Pipeline Register Optimization | Checksum: 1febf279c

Time (s): cpu = 00:00:02 ; elapsed = 00:00:00.43 . Memory (MB): peak = 2379.965 ; gain = 0.000 ; free physical = 522 ; free virtual = 17032
Phase 3 Detail Placement | Checksum: 1febf279c

Time (s): cpu = 00:00:02 ; elapsed = 00:00:00.43 . Memory (MB): peak = 2379.965 ; gain = 0.000 ; free physical = 522 ; free virtual = 17032

Phase 4 Post Placement Optimization and Clean-Up

Phase 4.1 Post Commit Optimization
Phase 4.1 Post Commit Optimization | Checksum: 1febf279c

Time (s): cpu = 00:00:02 ; elapsed = 00:00:00.43 . Memory (MB): peak = 2379.965 ; gain = 0.000 ; free physical = 522 ; free virtual = 17032

Phase 4.2 Post Placement Cleanup
Phase 4.2 Post Placement Cleanup | Checksum: 1febf279c

Time (s): cpu = 00:00:02 ; elapsed = 00:00:00.44 . Memory (MB): peak = 2379.965 ; gain = 0.000 ; free physical = 523 ; free virtual = 17033

Phase 4.3 Placer Reporting
Phase 4.3 Placer Reporting | Checksum: 1febf279c

Time (s): cpu = 00:00:02 ; elapsed = 00:00:00.44 . Memory (MB): peak = 2379.965 ; gain = 0.000 ; free physical = 523 ; free virtual = 17033

Phase 4.4 Final Placement Cleanup
Netlist sorting complete. Time (s): cpu = 00:00:00 ; elapsed = 00:00:00 . Memory (MB): peak = 2379.965 ; gain = 0.000 ; free physical = 523 ; free virtual = 17033
Phase 4.4 Final Placement Cleanup | Checksum: 1febf279c

Time (s): cpu = 00:00:02 ; elapsed = 00:00:00.44 . Memory (MB): peak = 2379.965 ; gain = 0.000 ; free physical = 523 ; free virtual = 17033
Phase 4 Post Placement Optimization and Clean-Up | Checksum: 1febf279c

Time (s): cpu = 00:00:02 ; elapsed = 00:00:00.44 . Memory (MB): peak = 2379.965 ; gain = 0.000 ; free physical = 523 ; free virtual = 17033
Ending Placer Task | Checksum: 101a6e70b

Time (s): cpu = 00:00:02 ; elapsed = 00:00:00.44 . Memory (MB): peak = 2379.965 ; gain = 0.000 ; free physical = 527 ; free virtual = 17037
INFO: [Common 17-83] Releasing license: Implementation
39 Infos, 1 Warnings, 0 Critical Warnings and 0 Errors encountered.
place_design completed successfully
Netlist sorting complete. Time (s): cpu = 00:00:00 ; elapsed = 00:00:00 . Memory (MB): peak = 2379.965 ; gain = 0.000 ; free physical = 527 ; free virtual = 17037
INFO: [Timing 38-480] Writing timing data to binary archive.
Writing placer database...
Writing XDEF routing.
Writing XDEF routing logical nets.
Writing XDEF routing special nets.
Write XDEF Complete: Time (s): cpu = 00:00:00.07 ; elapsed = 00:00:00.07 . Memory (MB): peak = 2379.965 ; gain = 0.000 ; free physical = 528 ; free virtual = 17039
Netlist sorting complete. Time (s): cpu = 00:00:00 ; elapsed = 00:00:00 . Memory (MB): peak = 2379.965 ; gain = 0.000 ; free physical = 526 ; free virtual = 17038
INFO: [Common 17-1381] The checkpoint '/home/ugrads/a/abhi.bhattacharyya/ecen248/lab6/lab6.runs/impl_1/priority_encoder_placed.dcp' has been generated.
INFO: [runtcl-4] Executing : report_io -file priority_encoder_io_placed.rpt
report_io: Time (s): cpu = 00:00:00.08 ; elapsed = 00:00:00.13 . Memory (MB): peak = 2379.965 ; gain = 0.000 ; free physical = 515 ; free virtual = 17025
INFO: [runtcl-4] Executing : report_utilization -file priority_encoder_utilization_placed.rpt -pb priority_encoder_utilization_placed.pb
INFO: [runtcl-4] Executing : report_control_sets -verbose -file priority_encoder_control_sets_placed.rpt
report_control_sets: Time (s): cpu = 00:00:00.02 ; elapsed = 00:00:00.09 . Memory (MB): peak = 2379.965 ; gain = 0.000 ; free physical = 525 ; free virtual = 17035
Command: route_design
Attempting to get a license for feature 'Implementation' and/or device 'xc7z010'
INFO: [Common 17-349] Got license for feature 'Implementation' and/or device 'xc7z010'
Running DRC as a precondition to command route_design
INFO: [DRC 23-27] Running DRC with 8 threads
INFO: [Vivado_Tcl 4-198] DRC finished with 0 Errors
INFO: [Vivado_Tcl 4-199] Please refer to the DRC report (report_drc) for more information.


Starting Routing Task
INFO: [Route 35-254] Multithreading enabled for route_design using a maximum of 8 CPUs
Checksum: PlaceDB: ffe2bef8 ConstDB: 0 ShapeSum: 1c42813 RouteDB: 0

Phase 1 Build RT Design
Phase 1 Build RT Design | Checksum: 51146233

Time (s): cpu = 00:00:07 ; elapsed = 00:00:06 . Memory (MB): peak = 2419.125 ; gain = 32.988 ; free physical = 449 ; free virtual = 16959
Post Restoration Checksum: NetGraph: 4448b749 NumContArr: ccbaaea Constraints: 0 Timing: 0

Phase 2 Router Initialization
INFO: [Route 35-64] No timing constraints were detected. The router will operate in resource-optimization mode.

Phase 2.1 Fix Topology Constraints
Phase 2.1 Fix Topology Constraints | Checksum: 51146233

Time (s): cpu = 00:00:07 ; elapsed = 00:00:06 . Memory (MB): peak = 2438.125 ; gain = 51.988 ; free physical = 419 ; free virtual = 16930

Phase 2.2 Pre Route Cleanup
Phase 2.2 Pre Route Cleanup | Checksum: 51146233

Time (s): cpu = 00:00:07 ; elapsed = 00:00:06 . Memory (MB): peak = 2438.125 ; gain = 51.988 ; free physical = 419 ; free virtual = 16930
 Number of Nodes with overlaps = 0
Phase 2 Router Initialization | Checksum: 10f20f653

Time (s): cpu = 00:00:07 ; elapsed = 00:00:06 . Memory (MB): peak = 2441.125 ; gain = 54.988 ; free physical = 418 ; free virtual = 16929

Phase 3 Initial Routing
Phase 3 Initial Routing | Checksum: 124c3a731

Time (s): cpu = 00:00:07 ; elapsed = 00:00:06 . Memory (MB): peak = 2448.152 ; gain = 62.016 ; free physical = 418 ; free virtual = 16928

Phase 4 Rip-up And Reroute

Phase 4.1 Global Iteration 0
 Number of Nodes with overlaps = 0
Phase 4.1 Global Iteration 0 | Checksum: 7c6eaa95

Time (s): cpu = 00:00:07 ; elapsed = 00:00:06 . Memory (MB): peak = 2448.152 ; gain = 62.016 ; free physical = 418 ; free virtual = 16928
Phase 4 Rip-up And Reroute | Checksum: 7c6eaa95

Time (s): cpu = 00:00:07 ; elapsed = 00:00:06 . Memory (MB): peak = 2448.152 ; gain = 62.016 ; free physical = 418 ; free virtual = 16928

Phase 5 Delay and Skew Optimization
Phase 5 Delay and Skew Optimization | Checksum: 7c6eaa95

Time (s): cpu = 00:00:07 ; elapsed = 00:00:06 . Memory (MB): peak = 2448.152 ; gain = 62.016 ; free physical = 418 ; free virtual = 16928

Phase 6 Post Hold Fix

Phase 6.1 Hold Fix Iter
Phase 6.1 Hold Fix Iter | Checksum: 7c6eaa95

Time (s): cpu = 00:00:07 ; elapsed = 00:00:06 . Memory (MB): peak = 2448.152 ; gain = 62.016 ; free physical = 418 ; free virtual = 16928
Phase 6 Post Hold Fix | Checksum: 7c6eaa95

Time (s): cpu = 00:00:07 ; elapsed = 00:00:06 . Memory (MB): peak = 2448.152 ; gain = 62.016 ; free physical = 418 ; free virtual = 16928

Phase 7 Route finalize

Router Utilization Summary
  Global Vertical Routing Utilization    = 0.0313908 %
  Global Horizontal Routing Utilization  = 0.00367647 %
  Routable Net Status*
  *Does not include unroutable nets such as driverless and loadless.
  Run report_route_status for detailed report.
  Number of Failed Nets               = 0
  Number of Unrouted Nets             = 0
  Number of Partially Routed Nets     = 0
  Number of Node Overlaps             = 0

Congestion Report
North Dir 1x1 Area, Max Cong = 16.2162%, No Congested Regions.
South Dir 1x1 Area, Max Cong = 16.2162%, No Congested Regions.
East Dir 1x1 Area, Max Cong = 7.35294%, No Congested Regions.
West Dir 1x1 Area, Max Cong = 2.94118%, No Congested Regions.

------------------------------
Reporting congestion hotspots
------------------------------
Direction: North
----------------
Congested clusters found at Level 0
Effective congestion level: 0 Aspect Ratio: 1 Sparse Ratio: 0
Direction: South
----------------
Congested clusters found at Level 0
Effective congestion level: 0 Aspect Ratio: 1 Sparse Ratio: 0
Direction: East
----------------
Congested clusters found at Level 0
Effective congestion level: 0 Aspect Ratio: 1 Sparse Ratio: 0
Direction: West
----------------
Congested clusters found at Level 0
Effective congestion level: 0 Aspect Ratio: 1 Sparse Ratio: 0

Phase 7 Route finalize | Checksum: 7c6eaa95

Time (s): cpu = 00:00:07 ; elapsed = 00:00:06 . Memory (MB): peak = 2448.152 ; gain = 62.016 ; free physical = 418 ; free virtual = 16928

Phase 8 Verifying routed nets

 Verification completed successfully
Phase 8 Verifying routed nets | Checksum: 7c6eaa95

Time (s): cpu = 00:00:07 ; elapsed = 00:00:06 . Memory (MB): peak = 2450.152 ; gain = 64.016 ; free physical = 416 ; free virtual = 16927

Phase 9 Depositing Routes
Phase 9 Depositing Routes | Checksum: e4634060

Time (s): cpu = 00:00:07 ; elapsed = 00:00:06 . Memory (MB): peak = 2450.152 ; gain = 64.016 ; free physical = 416 ; free virtual = 16927
INFO: [Route 35-16] Router Completed Successfully

Time (s): cpu = 00:00:07 ; elapsed = 00:00:06 . Memory (MB): peak = 2450.152 ; gain = 64.016 ; free physical = 445 ; free virtual = 16955

Routing Is Done.
INFO: [Common 17-83] Releasing license: Implementation
52 Infos, 1 Warnings, 0 Critical Warnings and 0 Errors encountered.
route_design completed successfully
route_design: Time (s): cpu = 00:00:07 ; elapsed = 00:00:07 . Memory (MB): peak = 2450.152 ; gain = 70.188 ; free physical = 445 ; free virtual = 16955
Netlist sorting complete. Time (s): cpu = 00:00:00 ; elapsed = 00:00:00 . Memory (MB): peak = 2450.152 ; gain = 0.000 ; free physical = 445 ; free virtual = 16955
INFO: [Timing 38-480] Writing timing data to binary archive.
Writing placer database...
Writing XDEF routing.
Writing XDEF routing logical nets.
Writing XDEF routing special nets.
Write XDEF Complete: Time (s): cpu = 00:00:00.05 ; elapsed = 00:00:00.06 . Memory (MB): peak = 2450.152 ; gain = 0.000 ; free physical = 443 ; free virtual = 16955
Netlist sorting complete. Time (s): cpu = 00:00:00 ; elapsed = 00:00:00 . Memory (MB): peak = 2450.152 ; gain = 0.000 ; free physical = 443 ; free virtual = 16955
INFO: [Common 17-1381] The checkpoint '/home/ugrads/a/abhi.bhattacharyya/ecen248/lab6/lab6.runs/impl_1/priority_encoder_routed.dcp' has been generated.
INFO: [runtcl-4] Executing : report_drc -file priority_encoder_drc_routed.rpt -pb priority_encoder_drc_routed.pb -rpx priority_encoder_drc_routed.rpx
Command: report_drc -file priority_encoder_drc_routed.rpt -pb priority_encoder_drc_routed.pb -rpx priority_encoder_drc_routed.rpx
INFO: [IP_Flow 19-1839] IP Catalog is up to date.
INFO: [DRC 23-27] Running DRC with 8 threads
INFO: [Coretcl 2-168] The results of DRC are in file /home/ugrads/a/abhi.bhattacharyya/ecen248/lab6/lab6.runs/impl_1/priority_encoder_drc_routed.rpt.
report_drc completed successfully
INFO: [runtcl-4] Executing : report_methodology -file priority_encoder_methodology_drc_routed.rpt -pb priority_encoder_methodology_drc_routed.pb -rpx priority_encoder_methodology_drc_routed.rpx
Command: report_methodology -file priority_encoder_methodology_drc_routed.rpt -pb priority_encoder_methodology_drc_routed.pb -rpx priority_encoder_methodology_drc_routed.rpx
INFO: [Timing 38-35] Done setting XDC timing constraints.
INFO: [DRC 23-133] Running Methodology with 8 threads
INFO: [Coretcl 2-1520] The results of Report Methodology are in file /home/ugrads/a/abhi.bhattacharyya/ecen248/lab6/lab6.runs/impl_1/priority_encoder_methodology_drc_routed.rpt.
report_methodology completed successfully
INFO: [runtcl-4] Executing : report_power -file priority_encoder_power_routed.rpt -pb priority_encoder_power_summary_routed.pb -rpx priority_encoder_power_routed.rpx
Command: report_power -file priority_encoder_power_routed.rpt -pb priority_encoder_power_summary_routed.pb -rpx priority_encoder_power_routed.rpx
WARNING: [Power 33-232] No user defined clocks were found in the design!
Resolution: Please specify clocks using create_clock/create_generated_clock for sequential elements. For pure combinatorial circuits, please specify a virtual clock, otherwise the vectorless estimation might be inaccurate
INFO: [Timing 38-35] Done setting XDC timing constraints.
Running Vector-less Activity Propagation...

Finished Running Vector-less Activity Propagation
64 Infos, 2 Warnings, 0 Critical Warnings and 0 Errors encountered.
report_power completed successfully
INFO: [runtcl-4] Executing : report_route_status -file priority_encoder_route_status.rpt -pb priority_encoder_route_status.pb
INFO: [runtcl-4] Executing : report_timing_summary -max_paths 10 -file priority_encoder_timing_summary_routed.rpt -pb priority_encoder_timing_summary_routed.pb -rpx priority_encoder_timing_summary_routed.rpx -warn_on_violation 
INFO: [Timing 38-91] UpdateTimingParams: Speed grade: -1, Delay Type: min_max.
INFO: [Timing 38-191] Multithreading enabled for timing update using a maximum of 8 CPUs
WARNING: [Timing 38-313] There are no user specified timing constraints. Timing constraints are needed for proper timing analysis.
INFO: [runtcl-4] Executing : report_incremental_reuse -file priority_encoder_incremental_reuse_routed.rpt
INFO: [Vivado_Tcl 4-1062] Incremental flow is disabled. No incremental reuse Info to report.
INFO: [runtcl-4] Executing : report_clock_utilization -file priority_encoder_clock_utilization_routed.rpt
INFO: [runtcl-4] Executing : report_bus_skew -warn_on_violation -file priority_encoder_bus_skew_routed.rpt -pb priority_encoder_bus_skew_routed.pb -rpx priority_encoder_bus_skew_routed.rpx
INFO: [Timing 38-91] UpdateTimingParams: Speed grade: -1, Delay Type: min_max.
INFO: [Timing 38-191] Multithreading enabled for timing update using a maximum of 8 CPUs
Command: write_bitstream -force priority_encoder.bit
Attempting to get a license for feature 'Implementation' and/or device 'xc7z010'
INFO: [Common 17-349] Got license for feature 'Implementation' and/or device 'xc7z010'
Running DRC as a precondition to command write_bitstream
INFO: [IP_Flow 19-1839] IP Catalog is up to date.
INFO: [DRC 23-27] Running DRC with 8 threads
WARNING: [DRC ZPS7-1] PS7 block required: The PS7 cell must be used in this Zynq design in order to enable correct default configuration.
INFO: [Vivado 12-3199] DRC finished with 0 Errors, 1 Warnings
INFO: [Vivado 12-3200] Please refer to the DRC report (report_drc) for more information.
INFO: [Designutils 20-2272] Running write_bitstream with 8 threads.
Loading data files...
Loading site data...
Loading route data...
Processing options...
Creating bitmap...
Creating bitstream...
Writing bitstream ./priority_encoder.bit...
INFO: [Vivado 12-1842] Bitgen Completed Successfully.
INFO: [Common 17-83] Releasing license: Implementation
82 Infos, 4 Warnings, 0 Critical Warnings and 0 Errors encountered.
write_bitstream completed successfully
write_bitstream: Time (s): cpu = 00:00:06 ; elapsed = 00:02:15 . Memory (MB): peak = 2807.672 ; gain = 274.445 ; free physical = 502 ; free virtual = 16769
INFO: [Common 17-206] Exiting Vivado at Tue Mar 21 15:30:39 2023...
